<?xml version="1.0" encoding="UTF-8"?>
<testsuite xmlns:xsi="http://www.w3.org/2001/XMLSchema-instance" xsi:noNamespaceSchemaLocation="https://maven.apache.org/surefire/maven-surefire-plugin/xsd/surefire-test-report-3.0.xsd" version="3.0" name="com.avizway.Springdemo.SpringdemoApplicationTests" time="7.497" tests="1" errors="0" skipped="0" failures="0">
  <properties>
[...]
</properties>
  <testcase name="contextLoads" classname="com.avizway.Springdemo.SpringdemoApplicationTests" time="1.289">
    <system-out><![CDATA[06:22:36.430 [main] INFO org.springframework.test.context.support.AnnotationConfigContextLoaderUtils -- Could not detect default configuration classes for test class [com.avizway.Springdemo.SpringdemoApplicationTests]: SpringdemoApplicationTests does not declare any static, non-private, non-final, nested classes annotated with @Configuration.
06:22:36.779 [main] INFO org.springframework.boot.test.context.SpringBootTestContextBootstrapper -- Found @SpringBootConfiguration com.avizway.Springdemo.SpringdemoApplication for test class com.avizway.Springdemo.SpringdemoApplicationTests
06:22:37.062 [main] INFO org.springframework.boot.devtools.restart.RestartApplicationListener -- Restart disabled due to context in which it is running

  .   ____          _            __ _ _
 /\\ / ___'_ __ _ _(_)_ __  __ _ \ \ \ \
( ( )\___ | '_ | '_| | '_ \/ _` | \ \ \ \
 \\/  ___)| |_)| | | | | || (_| |  ) ) ) )
  '  |____| .__|_| |_|_| |_\__, | / / / /
 =========|_|==============|___/=/_/_/_/

 :: Spring Boot ::                (v3.3.3)

2025-07-23T06:22:37.499Z  INFO 111095 --- [Springdemo] [           main] c.a.S.SpringdemoApplicationTests         : Starting SpringdemoApplicationTests using Java 17.0.15 with PID 111095 (started by ec2-user in /home/ec2-user/jenkinsremote/workspace/mvn-demo)
2025-07-23T06:22:37.507Z  INFO 111095 --- [Springdemo] [           main] c.a.S.SpringdemoApplicationTests         : No active profile set, falling back to 1 default profile: "default"
2025-07-23T06:22:39.809Z  WARN 111095 --- [Springdemo] [           main] trationDelegate$BeanPostProcessorChecker : Bean 'org.springframework.ws.config.annotation.DelegatingWsConfiguration' of type [org.springframework.ws.config.annotation.DelegatingWsConfiguration$$SpringCGLIB$$0] is not eligible for getting processed by all BeanPostProcessors (for example: not eligible for auto-proxying). The currently created BeanPostProcessor [annotationActionEndpointMapping] is declared through a non-static factory method on that class; consider declaring it as static instead.
2025-07-23T06:22:39.908Z  INFO 111095 --- [Springdemo] [           main] .w.s.a.s.AnnotationActionEndpointMapping : Supporting [WS-Addressing August 2004, WS-Addressing 1.0]
2025-07-23T06:22:41.786Z  INFO 111095 --- [Springdemo] [           main] o.s.b.a.e.web.EndpointLinksResolver      : Exposing 1 endpoint beneath base path '/actuator'
2025-07-23T06:22:41.959Z  INFO 111095 --- [Springdemo] [           main] c.a.S.SpringdemoApplicationTests         : Started SpringdemoApplicationTests in 4.917 seconds (process running for 7.044)
]]></system-out>
  </testcase>
</testsuite>